status file for recon-all
Tue Feb 27 23:44:50 UTC 2018
#@# MotionCor Tue Feb 27 23:44:55 UTC 2018
#@# Talairach Tue Feb 27 23:45:17 UTC 2018
#@# Talairach Failure Detection Tue Feb 27 23:48:02 UTC 2018
#@# Nu Intensity Correction Tue Feb 27 23:48:02 UTC 2018
#@# Intensity Normalization Tue Feb 27 23:51:48 UTC 2018
#@# Skull Stripping Tue Feb 27 23:56:20 UTC 2018
#@# EM Registration Wed Feb 28 00:42:00 UTC 2018
#@# CA Normalize Wed Feb 28 01:25:50 UTC 2018
#@# CA Reg Wed Feb 28 01:29:04 UTC 2018
#@# SubCort Seg Wed Feb 28 09:42:07 UTC 2018
#@# Merge ASeg Wed Feb 28 12:05:28 UTC 2018
#@# Intensity Normalization2 Wed Feb 28 12:05:28 UTC 2018
#@# Mask BFS Wed Feb 28 12:13:39 UTC 2018
#@# WM Segmentation Wed Feb 28 12:13:44 UTC 2018
#@# Fill Wed Feb 28 12:17:56 UTC 2018
#@# Tessellate lh Wed Feb 28 12:19:48 UTC 2018
#@# Tessellate rh Wed Feb 28 12:20:01 UTC 2018
#@# Smooth1 lh Wed Feb 28 12:20:13 UTC 2018
#@# Smooth1 rh Wed Feb 28 12:20:25 UTC 2018
#@# Inflation1 lh Wed Feb 28 12:20:35 UTC 2018
#@# Inflation1 rh Wed Feb 28 12:21:47 UTC 2018
#@# QSphere lh Wed Feb 28 12:22:52 UTC 2018
#@# QSphere rh Wed Feb 28 12:32:05 UTC 2018
#@# Fix Topology Copy lh Wed Feb 28 12:40:29 UTC 2018
#@# Fix Topology Copy rh Wed Feb 28 12:40:30 UTC 2018
#@# Fix Topology lh Wed Feb 28 12:40:30 UTC 2018
#@# Fix Topology rh Wed Feb 28 13:15:50 UTC 2018
#@# Make White Surf lh Wed Feb 28 13:40:55 UTC 2018
#@# Make White Surf rh Wed Feb 28 13:52:02 UTC 2018
#@# Smooth2 lh Wed Feb 28 14:02:39 UTC 2018
#@# Smooth2 rh Wed Feb 28 14:02:49 UTC 2018
#@# Inflation2 lh Wed Feb 28 14:02:59 UTC 2018
#@# Inflation2 rh Wed Feb 28 14:04:05 UTC 2018
#@# Curv .H and .K lh Wed Feb 28 14:05:14 UTC 2018
#@# Curv .H and .K rh Wed Feb 28 14:07:45 UTC 2018
#@# Curvature Stats lh Wed Feb 28 14:10:23 UTC 2018
#@# Curvature Stats rh Wed Feb 28 14:10:30 UTC 2018
#@# Sphere lh Wed Feb 28 14:10:38 UTC 2018
#@# Sphere rh Wed Feb 28 15:39:38 UTC 2018
#@# Surf Reg lh Wed Feb 28 17:07:24 UTC 2018
#@# Surf Reg rh Wed Feb 28 18:59:49 UTC 2018
#@# Jacobian white lh Wed Feb 28 20:58:10 UTC 2018
#@# Jacobian white rh Wed Feb 28 20:58:14 UTC 2018
#@# AvgCurv lh Wed Feb 28 20:58:18 UTC 2018
#@# AvgCurv rh Wed Feb 28 20:58:21 UTC 2018
#@# Cortical Parc lh Wed Feb 28 20:58:25 UTC 2018
#@# Cortical Parc rh Wed Feb 28 20:58:58 UTC 2018
#@# Make Pial Surf lh Wed Feb 28 20:59:30 UTC 2018
#@# Make Pial Surf rh Wed Feb 28 21:28:32 UTC 2018
#@# Surf Volume lh Wed Feb 28 21:56:49 UTC 2018
#@# Surf Volume rh Wed Feb 28 21:56:56 UTC 2018
#@# Cortical ribbon mask Wed Feb 28 21:57:03 UTC 2018
#@# Parcellation Stats lh Wed Feb 28 22:23:21 UTC 2018
#@# Parcellation Stats rh Wed Feb 28 22:26:18 UTC 2018
#@# Cortical Parc 2 lh Wed Feb 28 22:29:21 UTC 2018
#@# Cortical Parc 2 rh Wed Feb 28 22:30:05 UTC 2018
#@# Parcellation Stats 2 lh Wed Feb 28 22:30:48 UTC 2018
#@# Parcellation Stats 2 rh Wed Feb 28 22:32:24 UTC 2018
#@# Cortical Parc 3 lh Wed Feb 28 22:33:59 UTC 2018
#@# Cortical Parc 3 rh Wed Feb 28 22:34:36 UTC 2018
#@# Parcellation Stats 3 lh Wed Feb 28 22:35:11 UTC 2018
#@# Parcellation Stats 3 rh Wed Feb 28 22:36:36 UTC 2018
#@# WM/GM Contrast lh Wed Feb 28 22:38:05 UTC 2018
#@# WM/GM Contrast rh Wed Feb 28 22:38:17 UTC 2018
#@# Relabel Hypointensities Wed Feb 28 22:38:30 UTC 2018
#@# AParc-to-ASeg aparc Wed Feb 28 22:39:26 UTC 2018
#@# AParc-to-ASeg a2009s Wed Feb 28 22:52:45 UTC 2018
#@# AParc-to-ASeg DKTatlas Wed Feb 28 23:06:15 UTC 2018
#@# APas-to-ASeg Wed Feb 28 23:18:03 UTC 2018
#@# ASeg Stats Wed Feb 28 23:18:18 UTC 2018
#@# WMParc Wed Feb 28 23:27:39 UTC 2018
#@# BA_exvivo Labels lh Wed Feb 28 23:54:59 UTC 2018
#@# BA_exvivo Labels rh Thu Mar  1 00:04:48 UTC 2018
recon-all -s 3083 finished without error at Thu Mar  1 00:14:36 UTC 2018
