status file for recon-all
Tue Feb 27 23:40:35 UTC 2018
#@# MotionCor Tue Feb 27 23:40:38 UTC 2018
#@# Talairach Tue Feb 27 23:40:53 UTC 2018
#@# Talairach Failure Detection Tue Feb 27 23:43:41 UTC 2018
#@# Nu Intensity Correction Tue Feb 27 23:43:42 UTC 2018
#@# Intensity Normalization Tue Feb 27 23:47:32 UTC 2018
#@# Skull Stripping Tue Feb 27 23:51:54 UTC 2018
#@# EM Registration Wed Feb 28 00:44:18 UTC 2018
#@# CA Normalize Wed Feb 28 01:28:06 UTC 2018
#@# CA Reg Wed Feb 28 01:31:04 UTC 2018
#@# SubCort Seg Wed Feb 28 08:22:25 UTC 2018
#@# Merge ASeg Wed Feb 28 11:23:23 UTC 2018
#@# Intensity Normalization2 Wed Feb 28 11:23:23 UTC 2018
#@# Mask BFS Wed Feb 28 11:30:32 UTC 2018
#@# WM Segmentation Wed Feb 28 11:30:36 UTC 2018
#@# Fill Wed Feb 28 11:34:59 UTC 2018
#@# Tessellate lh Wed Feb 28 11:36:46 UTC 2018
#@# Tessellate rh Wed Feb 28 11:36:59 UTC 2018
#@# Smooth1 lh Wed Feb 28 11:37:12 UTC 2018
#@# Smooth1 rh Wed Feb 28 11:37:22 UTC 2018
#@# Inflation1 lh Wed Feb 28 11:37:32 UTC 2018
#@# Inflation1 rh Wed Feb 28 11:38:36 UTC 2018
#@# QSphere lh Wed Feb 28 11:39:42 UTC 2018
#@# QSphere rh Wed Feb 28 11:47:04 UTC 2018
#@# Fix Topology Copy lh Wed Feb 28 11:54:39 UTC 2018
#@# Fix Topology Copy rh Wed Feb 28 11:54:39 UTC 2018
#@# Fix Topology lh Wed Feb 28 11:54:39 UTC 2018
#@# Fix Topology rh Wed Feb 28 12:57:25 UTC 2018
#@# Make White Surf lh Wed Feb 28 14:15:25 UTC 2018
#@# Make White Surf rh Wed Feb 28 14:25:20 UTC 2018
#@# Smooth2 lh Wed Feb 28 14:35:28 UTC 2018
#@# Smooth2 rh Wed Feb 28 14:35:38 UTC 2018
#@# Inflation2 lh Wed Feb 28 14:35:49 UTC 2018
#@# Inflation2 rh Wed Feb 28 14:36:58 UTC 2018
#@# Curv .H and .K lh Wed Feb 28 14:38:08 UTC 2018
#@# Curv .H and .K rh Wed Feb 28 14:40:34 UTC 2018
#@# Curvature Stats lh Wed Feb 28 14:43:04 UTC 2018
#@# Curvature Stats rh Wed Feb 28 14:43:11 UTC 2018
#@# Sphere lh Wed Feb 28 14:43:19 UTC 2018
#@# Sphere rh Wed Feb 28 16:03:27 UTC 2018
#@# Surf Reg lh Wed Feb 28 17:02:34 UTC 2018
#@# Surf Reg rh Wed Feb 28 18:46:26 UTC 2018
#@# Jacobian white lh Wed Feb 28 20:40:41 UTC 2018
#@# Jacobian white rh Wed Feb 28 20:40:45 UTC 2018
#@# AvgCurv lh Wed Feb 28 20:40:49 UTC 2018
#@# AvgCurv rh Wed Feb 28 20:40:53 UTC 2018
#@# Cortical Parc lh Wed Feb 28 20:40:56 UTC 2018
#@# Cortical Parc rh Wed Feb 28 20:41:32 UTC 2018
#@# Make Pial Surf lh Wed Feb 28 20:42:06 UTC 2018
#@# Make Pial Surf rh Wed Feb 28 21:10:26 UTC 2018
#@# Surf Volume lh Wed Feb 28 21:38:57 UTC 2018
#@# Surf Volume rh Wed Feb 28 21:39:03 UTC 2018
#@# Cortical ribbon mask Wed Feb 28 21:39:09 UTC 2018
#@# Parcellation Stats lh Wed Feb 28 21:59:33 UTC 2018
#@# Parcellation Stats rh Wed Feb 28 22:02:09 UTC 2018
#@# Cortical Parc 2 lh Wed Feb 28 22:05:02 UTC 2018
#@# Cortical Parc 2 rh Wed Feb 28 22:05:44 UTC 2018
#@# Parcellation Stats 2 lh Wed Feb 28 22:06:26 UTC 2018
#@# Parcellation Stats 2 rh Wed Feb 28 22:07:52 UTC 2018
#@# Cortical Parc 3 lh Wed Feb 28 22:09:20 UTC 2018
#@# Cortical Parc 3 rh Wed Feb 28 22:09:55 UTC 2018
#@# Parcellation Stats 3 lh Wed Feb 28 22:10:33 UTC 2018
#@# Parcellation Stats 3 rh Wed Feb 28 22:11:54 UTC 2018
#@# WM/GM Contrast lh Wed Feb 28 22:13:17 UTC 2018
#@# WM/GM Contrast rh Wed Feb 28 22:13:29 UTC 2018
#@# Relabel Hypointensities Wed Feb 28 22:13:41 UTC 2018
#@# AParc-to-ASeg aparc Wed Feb 28 22:14:37 UTC 2018
#@# AParc-to-ASeg a2009s Wed Feb 28 22:26:18 UTC 2018
#@# AParc-to-ASeg DKTatlas Wed Feb 28 22:37:42 UTC 2018
#@# APas-to-ASeg Wed Feb 28 22:49:22 UTC 2018
#@# ASeg Stats Wed Feb 28 22:49:41 UTC 2018
#@# WMParc Wed Feb 28 23:01:01 UTC 2018
#@# BA_exvivo Labels lh Wed Feb 28 23:27:14 UTC 2018
#@# BA_exvivo Labels rh Wed Feb 28 23:38:14 UTC 2018
recon-all -s 3002 finished without error at Wed Feb 28 23:48:42 UTC 2018
