status file for recon-all
Tue Feb 27 23:44:12 UTC 2018
#@# MotionCor Tue Feb 27 23:44:16 UTC 2018
#@# Talairach Tue Feb 27 23:44:35 UTC 2018
#@# Talairach Failure Detection Tue Feb 27 23:47:36 UTC 2018
#@# Nu Intensity Correction Tue Feb 27 23:47:37 UTC 2018
#@# Intensity Normalization Tue Feb 27 23:51:32 UTC 2018
#@# Skull Stripping Tue Feb 27 23:55:43 UTC 2018
#@# EM Registration Wed Feb 28 00:40:07 UTC 2018
#@# CA Normalize Wed Feb 28 01:18:42 UTC 2018
#@# CA Reg Wed Feb 28 01:21:49 UTC 2018
#@# SubCort Seg Wed Feb 28 08:46:42 UTC 2018
#@# Merge ASeg Wed Feb 28 11:33:44 UTC 2018
#@# Intensity Normalization2 Wed Feb 28 11:33:44 UTC 2018
#@# Mask BFS Wed Feb 28 11:41:13 UTC 2018
#@# WM Segmentation Wed Feb 28 11:41:18 UTC 2018
#@# Fill Wed Feb 28 11:45:35 UTC 2018
#@# Tessellate lh Wed Feb 28 11:47:25 UTC 2018
#@# Tessellate rh Wed Feb 28 11:47:40 UTC 2018
#@# Smooth1 lh Wed Feb 28 11:47:53 UTC 2018
#@# Smooth1 rh Wed Feb 28 11:48:04 UTC 2018
#@# Inflation1 lh Wed Feb 28 11:48:17 UTC 2018
#@# Inflation1 rh Wed Feb 28 11:49:35 UTC 2018
#@# QSphere lh Wed Feb 28 11:50:48 UTC 2018
#@# QSphere rh Wed Feb 28 11:59:59 UTC 2018
#@# Fix Topology Copy lh Wed Feb 28 12:09:35 UTC 2018
#@# Fix Topology Copy rh Wed Feb 28 12:09:35 UTC 2018
#@# Fix Topology lh Wed Feb 28 12:09:35 UTC 2018
#@# Fix Topology rh Wed Feb 28 12:53:39 UTC 2018
#@# Make White Surf lh Wed Feb 28 13:42:26 UTC 2018
#@# Make White Surf rh Wed Feb 28 13:54:25 UTC 2018
#@# Smooth2 lh Wed Feb 28 14:05:54 UTC 2018
#@# Smooth2 rh Wed Feb 28 14:06:05 UTC 2018
#@# Inflation2 lh Wed Feb 28 14:06:16 UTC 2018
#@# Inflation2 rh Wed Feb 28 14:07:31 UTC 2018
#@# Curv .H and .K lh Wed Feb 28 14:08:49 UTC 2018
#@# Curv .H and .K rh Wed Feb 28 14:11:38 UTC 2018
#@# Curvature Stats lh Wed Feb 28 14:14:27 UTC 2018
#@# Curvature Stats rh Wed Feb 28 14:14:36 UTC 2018
#@# Sphere lh Wed Feb 28 14:14:44 UTC 2018
#@# Sphere rh Wed Feb 28 15:55:01 UTC 2018
#@# Surf Reg lh Wed Feb 28 17:27:04 UTC 2018
#@# Surf Reg rh Wed Feb 28 19:31:03 UTC 2018
#@# Jacobian white lh Wed Feb 28 21:39:42 UTC 2018
#@# Jacobian white rh Wed Feb 28 21:39:46 UTC 2018
#@# AvgCurv lh Wed Feb 28 21:39:50 UTC 2018
#@# AvgCurv rh Wed Feb 28 21:39:53 UTC 2018
#@# Cortical Parc lh Wed Feb 28 21:39:57 UTC 2018
#@# Cortical Parc rh Wed Feb 28 21:40:29 UTC 2018
#@# Make Pial Surf lh Wed Feb 28 21:41:03 UTC 2018
#@# Make Pial Surf rh Wed Feb 28 22:13:27 UTC 2018
#@# Surf Volume lh Wed Feb 28 22:46:14 UTC 2018
#@# Surf Volume rh Wed Feb 28 22:46:21 UTC 2018
#@# Cortical ribbon mask Wed Feb 28 22:46:28 UTC 2018
#@# Parcellation Stats lh Wed Feb 28 23:19:34 UTC 2018
#@# Parcellation Stats rh Wed Feb 28 23:22:59 UTC 2018
#@# Cortical Parc 2 lh Wed Feb 28 23:26:30 UTC 2018
#@# Cortical Parc 2 rh Wed Feb 28 23:27:19 UTC 2018
#@# Parcellation Stats 2 lh Wed Feb 28 23:28:08 UTC 2018
#@# Parcellation Stats 2 rh Wed Feb 28 23:29:58 UTC 2018
#@# Cortical Parc 3 lh Wed Feb 28 23:31:49 UTC 2018
#@# Cortical Parc 3 rh Wed Feb 28 23:32:27 UTC 2018
#@# Parcellation Stats 3 lh Wed Feb 28 23:33:09 UTC 2018
#@# Parcellation Stats 3 rh Wed Feb 28 23:34:59 UTC 2018
#@# WM/GM Contrast lh Wed Feb 28 23:36:50 UTC 2018
#@# WM/GM Contrast rh Wed Feb 28 23:37:04 UTC 2018
#@# Relabel Hypointensities Wed Feb 28 23:37:17 UTC 2018
#@# AParc-to-ASeg aparc Wed Feb 28 23:38:15 UTC 2018
#@# AParc-to-ASeg a2009s Wed Feb 28 23:49:34 UTC 2018
#@# AParc-to-ASeg DKTatlas Wed Feb 28 23:59:56 UTC 2018
#@# APas-to-ASeg Thu Mar  1 00:09:47 UTC 2018
#@# ASeg Stats Thu Mar  1 00:10:00 UTC 2018
#@# WMParc Thu Mar  1 00:17:16 UTC 2018
#@# BA_exvivo Labels lh Thu Mar  1 00:38:43 UTC 2018
#@# BA_exvivo Labels rh Thu Mar  1 00:48:48 UTC 2018
recon-all -s 3060 finished without error at Thu Mar  1 00:58:47 UTC 2018
