status file for recon-all
Tue Feb 27 23:44:28 UTC 2018
#@# MotionCor Tue Feb 27 23:44:33 UTC 2018
#@# Talairach Tue Feb 27 23:44:53 UTC 2018
#@# Talairach Failure Detection Tue Feb 27 23:47:59 UTC 2018
#@# Nu Intensity Correction Tue Feb 27 23:47:59 UTC 2018
#@# Intensity Normalization Tue Feb 27 23:51:53 UTC 2018
#@# Skull Stripping Tue Feb 27 23:56:20 UTC 2018
#@# EM Registration Wed Feb 28 00:56:38 UTC 2018
#@# CA Normalize Wed Feb 28 01:49:33 UTC 2018
#@# CA Reg Wed Feb 28 01:52:52 UTC 2018
#@# SubCort Seg Wed Feb 28 08:16:46 UTC 2018
#@# Merge ASeg Wed Feb 28 11:17:58 UTC 2018
#@# Intensity Normalization2 Wed Feb 28 11:17:58 UTC 2018
#@# Mask BFS Wed Feb 28 11:25:35 UTC 2018
#@# WM Segmentation Wed Feb 28 11:25:39 UTC 2018
#@# Fill Wed Feb 28 11:29:42 UTC 2018
#@# Tessellate lh Wed Feb 28 11:31:33 UTC 2018
#@# Tessellate rh Wed Feb 28 11:31:45 UTC 2018
#@# Smooth1 lh Wed Feb 28 11:31:58 UTC 2018
#@# Smooth1 rh Wed Feb 28 11:32:09 UTC 2018
#@# Inflation1 lh Wed Feb 28 11:32:19 UTC 2018
#@# Inflation1 rh Wed Feb 28 11:33:32 UTC 2018
#@# QSphere lh Wed Feb 28 11:34:42 UTC 2018
#@# QSphere rh Wed Feb 28 11:43:35 UTC 2018
#@# Fix Topology Copy lh Wed Feb 28 11:52:13 UTC 2018
#@# Fix Topology Copy rh Wed Feb 28 11:52:13 UTC 2018
#@# Fix Topology lh Wed Feb 28 11:52:13 UTC 2018
#@# Fix Topology rh Wed Feb 28 12:54:45 UTC 2018
#@# Make White Surf lh Wed Feb 28 13:35:43 UTC 2018
#@# Make White Surf rh Wed Feb 28 13:47:26 UTC 2018
#@# Smooth2 lh Wed Feb 28 13:58:37 UTC 2018
#@# Smooth2 rh Wed Feb 28 13:58:49 UTC 2018
#@# Inflation2 lh Wed Feb 28 13:59:00 UTC 2018
#@# Inflation2 rh Wed Feb 28 14:00:11 UTC 2018
#@# Curv .H and .K lh Wed Feb 28 14:01:24 UTC 2018
#@# Curv .H and .K rh Wed Feb 28 14:04:08 UTC 2018
#@# Curvature Stats lh Wed Feb 28 14:06:51 UTC 2018
#@# Curvature Stats rh Wed Feb 28 14:06:59 UTC 2018
#@# Sphere lh Wed Feb 28 14:07:07 UTC 2018
#@# Sphere rh Wed Feb 28 15:34:17 UTC 2018
#@# Surf Reg lh Wed Feb 28 17:01:22 UTC 2018
#@# Surf Reg rh Wed Feb 28 18:48:15 UTC 2018
#@# Jacobian white lh Wed Feb 28 20:43:42 UTC 2018
#@# Jacobian white rh Wed Feb 28 20:43:47 UTC 2018
#@# AvgCurv lh Wed Feb 28 20:43:51 UTC 2018
#@# AvgCurv rh Wed Feb 28 20:43:55 UTC 2018
#@# Cortical Parc lh Wed Feb 28 20:43:59 UTC 2018
#@# Cortical Parc rh Wed Feb 28 20:44:38 UTC 2018
#@# Make Pial Surf lh Wed Feb 28 20:45:17 UTC 2018
#@# Make Pial Surf rh Wed Feb 28 21:16:46 UTC 2018
#@# Surf Volume lh Wed Feb 28 21:46:09 UTC 2018
#@# Surf Volume rh Wed Feb 28 21:46:17 UTC 2018
#@# Cortical ribbon mask Wed Feb 28 21:46:23 UTC 2018
#@# Parcellation Stats lh Wed Feb 28 22:16:34 UTC 2018
#@# Parcellation Stats rh Wed Feb 28 22:19:38 UTC 2018
#@# Cortical Parc 2 lh Wed Feb 28 22:22:47 UTC 2018
#@# Cortical Parc 2 rh Wed Feb 28 22:23:34 UTC 2018
#@# Parcellation Stats 2 lh Wed Feb 28 22:24:19 UTC 2018
#@# Parcellation Stats 2 rh Wed Feb 28 22:25:52 UTC 2018
#@# Cortical Parc 3 lh Wed Feb 28 22:27:24 UTC 2018
#@# Cortical Parc 3 rh Wed Feb 28 22:28:04 UTC 2018
#@# Parcellation Stats 3 lh Wed Feb 28 22:28:42 UTC 2018
#@# Parcellation Stats 3 rh Wed Feb 28 22:30:16 UTC 2018
#@# WM/GM Contrast lh Wed Feb 28 22:31:53 UTC 2018
#@# WM/GM Contrast rh Wed Feb 28 22:32:07 UTC 2018
#@# Relabel Hypointensities Wed Feb 28 22:32:19 UTC 2018
#@# AParc-to-ASeg aparc Wed Feb 28 22:33:20 UTC 2018
#@# AParc-to-ASeg a2009s Wed Feb 28 22:44:50 UTC 2018
#@# AParc-to-ASeg DKTatlas Wed Feb 28 22:57:22 UTC 2018
#@# APas-to-ASeg Wed Feb 28 23:09:51 UTC 2018
#@# ASeg Stats Wed Feb 28 23:10:08 UTC 2018
#@# WMParc Wed Feb 28 23:20:43 UTC 2018
#@# BA_exvivo Labels lh Wed Feb 28 23:48:02 UTC 2018
#@# BA_exvivo Labels rh Wed Feb 28 23:58:35 UTC 2018
recon-all -s 3068 finished without error at Thu Mar  1 00:08:49 UTC 2018
