status file for recon-all
Tue Feb 27 23:43:52 UTC 2018
#@# MotionCor Tue Feb 27 23:43:55 UTC 2018
#@# Talairach Tue Feb 27 23:44:14 UTC 2018
#@# Talairach Failure Detection Tue Feb 27 23:47:15 UTC 2018
#@# Nu Intensity Correction Tue Feb 27 23:47:15 UTC 2018
#@# Intensity Normalization Tue Feb 27 23:51:11 UTC 2018
#@# Skull Stripping Tue Feb 27 23:55:14 UTC 2018
#@# EM Registration Wed Feb 28 00:46:26 UTC 2018
#@# CA Normalize Wed Feb 28 01:23:42 UTC 2018
#@# CA Reg Wed Feb 28 01:26:50 UTC 2018
#@# SubCort Seg Wed Feb 28 08:05:01 UTC 2018
#@# Merge ASeg Wed Feb 28 10:52:47 UTC 2018
#@# Intensity Normalization2 Wed Feb 28 10:52:47 UTC 2018
#@# Mask BFS Wed Feb 28 11:00:10 UTC 2018
#@# WM Segmentation Wed Feb 28 11:00:14 UTC 2018
#@# Fill Wed Feb 28 11:04:13 UTC 2018
#@# Tessellate lh Wed Feb 28 11:05:57 UTC 2018
#@# Tessellate rh Wed Feb 28 11:06:11 UTC 2018
#@# Smooth1 lh Wed Feb 28 11:06:24 UTC 2018
#@# Smooth1 rh Wed Feb 28 11:06:36 UTC 2018
#@# Inflation1 lh Wed Feb 28 11:06:46 UTC 2018
#@# Inflation1 rh Wed Feb 28 11:07:55 UTC 2018
#@# QSphere lh Wed Feb 28 11:09:03 UTC 2018
#@# QSphere rh Wed Feb 28 11:16:44 UTC 2018
#@# Fix Topology Copy lh Wed Feb 28 11:25:04 UTC 2018
#@# Fix Topology Copy rh Wed Feb 28 11:25:04 UTC 2018
#@# Fix Topology lh Wed Feb 28 11:25:04 UTC 2018
#@# Fix Topology rh Wed Feb 28 12:08:16 UTC 2018
#@# Make White Surf lh Wed Feb 28 12:53:45 UTC 2018
#@# Make White Surf rh Wed Feb 28 13:04:10 UTC 2018
#@# Smooth2 lh Wed Feb 28 13:14:44 UTC 2018
#@# Smooth2 rh Wed Feb 28 13:14:55 UTC 2018
#@# Inflation2 lh Wed Feb 28 13:15:05 UTC 2018
#@# Inflation2 rh Wed Feb 28 13:16:11 UTC 2018
#@# Curv .H and .K lh Wed Feb 28 13:17:23 UTC 2018
#@# Curv .H and .K rh Wed Feb 28 13:19:57 UTC 2018
#@# Curvature Stats lh Wed Feb 28 13:22:31 UTC 2018
#@# Curvature Stats rh Wed Feb 28 13:22:39 UTC 2018
#@# Sphere lh Wed Feb 28 13:22:47 UTC 2018
#@# Sphere rh Wed Feb 28 14:45:00 UTC 2018
#@# Surf Reg lh Wed Feb 28 16:13:55 UTC 2018
#@# Surf Reg rh Wed Feb 28 17:51:52 UTC 2018
#@# Jacobian white lh Wed Feb 28 19:43:53 UTC 2018
#@# Jacobian white rh Wed Feb 28 19:43:59 UTC 2018
#@# AvgCurv lh Wed Feb 28 19:44:03 UTC 2018
#@# AvgCurv rh Wed Feb 28 19:44:07 UTC 2018
#@# Cortical Parc lh Wed Feb 28 19:44:10 UTC 2018
#@# Cortical Parc rh Wed Feb 28 19:44:51 UTC 2018
#@# Make Pial Surf lh Wed Feb 28 19:45:30 UTC 2018
#@# Make Pial Surf rh Wed Feb 28 20:16:42 UTC 2018
#@# Surf Volume lh Wed Feb 28 20:46:05 UTC 2018
#@# Surf Volume rh Wed Feb 28 20:46:12 UTC 2018
#@# Cortical ribbon mask Wed Feb 28 20:46:19 UTC 2018
#@# Parcellation Stats lh Wed Feb 28 21:15:55 UTC 2018
#@# Parcellation Stats rh Wed Feb 28 21:18:49 UTC 2018
#@# Cortical Parc 2 lh Wed Feb 28 21:21:35 UTC 2018
#@# Cortical Parc 2 rh Wed Feb 28 21:22:15 UTC 2018
#@# Parcellation Stats 2 lh Wed Feb 28 21:22:58 UTC 2018
#@# Parcellation Stats 2 rh Wed Feb 28 21:24:30 UTC 2018
#@# Cortical Parc 3 lh Wed Feb 28 21:25:57 UTC 2018
#@# Cortical Parc 3 rh Wed Feb 28 21:26:33 UTC 2018
#@# Parcellation Stats 3 lh Wed Feb 28 21:27:09 UTC 2018
#@# Parcellation Stats 3 rh Wed Feb 28 21:28:39 UTC 2018
#@# WM/GM Contrast lh Wed Feb 28 21:30:05 UTC 2018
#@# WM/GM Contrast rh Wed Feb 28 21:30:19 UTC 2018
#@# Relabel Hypointensities Wed Feb 28 21:30:31 UTC 2018
#@# AParc-to-ASeg aparc Wed Feb 28 21:31:24 UTC 2018
#@# AParc-to-ASeg a2009s Wed Feb 28 21:42:05 UTC 2018
#@# AParc-to-ASeg DKTatlas Wed Feb 28 21:52:15 UTC 2018
#@# APas-to-ASeg Wed Feb 28 22:02:36 UTC 2018
#@# ASeg Stats Wed Feb 28 22:02:51 UTC 2018
#@# WMParc Wed Feb 28 22:14:09 UTC 2018
#@# BA_exvivo Labels lh Wed Feb 28 22:40:36 UTC 2018
#@# BA_exvivo Labels rh Wed Feb 28 22:52:10 UTC 2018
recon-all -s 3055 finished without error at Wed Feb 28 23:03:37 UTC 2018
